<?xml version="1.0" encoding="UTF-8"?>
<!-- Generated by org.testng.reporters.JUnitXMLReporter -->
<testsuite ignored="9" hostname="Intelligents-MacBook-Pro.local" failures="1" tests="3" name="Pet Store API Suite" time="0.238" errors="0" timestamp="2023-05-29T16:06:09 IST">
  <testcase classname="gorest.test.UserModuleTest" name="myTestUserModule" time="0.01"/>
  <testcase classname="gorest.test.UserModuleTest" name="myTestUserModule1" time="0.002">
    <failure type="java.lang.AssertionError" message="expected [true] but found [false]">
      <![CDATA[java.lang.AssertionError: expected [true] but found [false]
at gorest.test.UserModuleTest.myTestUserModule1(UserModuleTest.java:70)
at java.base/java.util.ArrayList.forEach(ArrayList.java:1511)
... Removed 29 stack frames]]>
    </failure>
  </testcase> <!-- myTestUserModule1 -->
  <testcase classname="gorest.test.DDUserModuleTest" name="myTestDDUserModule" time="0.001"/>
  <testcase classname="gorest.test.DDUserModuleTest" name="deleteUserTest" time="0.0">
    <ignored/>
  </testcase> <!-- deleteUserTest -->
  <testcase classname="gorest.test.DDUserModuleTest" name="getUserTest" time="0.0">
    <ignored/>
  </testcase> <!-- getUserTest -->
  <testcase classname="gorest.test.UserModuleTest" name="getUserTest" time="0.0">
    <ignored/>
  </testcase> <!-- getUserTest -->
  <testcase classname="gorest.test.UserModuleTest" name="createUserTest" time="0.0">
    <ignored/>
  </testcase> <!-- createUserTest -->
  <testcase classname="gorest.test.DDUserModuleTest" name="createUserTest" time="0.0">
    <ignored/>
  </testcase> <!-- createUserTest -->
  <testcase classname="gorest.test.Base" name="@AfterSuite afterSuite" time="0.0">
    <ignored/>
  </testcase> <!-- @AfterSuite afterSuite -->
  <testcase classname="gorest.test.DDUserModuleTest" name="updateUserTest" time="0.0">
    <ignored/>
  </testcase> <!-- updateUserTest -->
  <testcase classname="gorest.test.Base" name="@BeforeSuite beforeSuite" time="0.0">
    <ignored/>
  </testcase> <!-- @BeforeSuite beforeSuite -->
  <testcase classname="gorest.test.DDUserModuleTest" name="patchUserTest" time="0.0">
    <ignored/>
  </testcase> <!-- patchUserTest -->
</testsuite> <!-- Pet Store API Suite -->
