<?xml version="1.0" encoding="UTF-8"?>
<testng-results ignored="0" total="3" passed="2" failed="1" skipped="0">
  <reporter-output>
  </reporter-output>
  <suite started-at="2023-05-29T17:52:59 IST" name="Pet Store API Suite" finished-at="2023-05-29T17:52:59 IST" duration-ms="167">
    <groups>
    </groups>
    <test started-at="2023-05-29T17:52:59 IST" name="Pet Store API Suite" finished-at="2023-05-29T17:52:59 IST" duration-ms="167">
      <class name="gorest.test.DDUserModuleTest">
        <test-method is-config="true" signature="beforeClass()[pri:0, instance:gorest.test.DDUserModuleTest@1d76aeea]" started-at="2023-05-29T17:52:59 IST" name="beforeClass" finished-at="2023-05-29T17:52:59 IST" duration-ms="24" status="PASS">
          <reporter-output>
          </reporter-output>
        </test-method> <!-- beforeClass -->
        <test-method signature="myTestDDUserModule()[pri:0, instance:gorest.test.DDUserModuleTest@1d76aeea]" started-at="2023-05-29T17:52:59 IST" name="myTestDDUserModule" finished-at="2023-05-29T17:52:59 IST" duration-ms="1" status="PASS">
          <reporter-output>
          </reporter-output>
        </test-method> <!-- myTestDDUserModule -->
      </class> <!-- gorest.test.DDUserModuleTest -->
      <class name="gorest.test.UserModuleTest">
        <test-method is-config="true" signature="beforeSuite()[pri:0, instance:gorest.test.UserModuleTest@2cbb3d47]" started-at="2023-05-29T17:52:53 IST" name="beforeSuite" finished-at="2023-05-29T17:52:59 IST" duration-ms="5417" status="PASS">
          <reporter-output>
          </reporter-output>
        </test-method> <!-- beforeSuite -->
        <test-method is-config="true" signature="beforeClass()[pri:0, instance:gorest.test.UserModuleTest@2cbb3d47]" started-at="2023-05-29T17:52:59 IST" name="beforeClass" finished-at="2023-05-29T17:52:59 IST" duration-ms="106" status="PASS">
          <reporter-output>
          </reporter-output>
        </test-method> <!-- beforeClass -->
        <test-method signature="myTestUserModule()[pri:0, instance:gorest.test.UserModuleTest@2cbb3d47]" started-at="2023-05-29T17:52:59 IST" name="myTestUserModule" finished-at="2023-05-29T17:52:59 IST" duration-ms="7" status="PASS">
          <reporter-output>
          </reporter-output>
        </test-method> <!-- myTestUserModule -->
        <test-method signature="myTestUserModule1()[pri:0, instance:gorest.test.UserModuleTest@2cbb3d47]" started-at="2023-05-29T17:52:59 IST" name="myTestUserModule1" finished-at="2023-05-29T17:52:59 IST" duration-ms="5" status="FAIL">
          <exception class="java.lang.AssertionError">
            <message>
              <![CDATA[expected [true] but found [false]]]>
            </message>
            <full-stacktrace>
              <![CDATA[java.lang.AssertionError: expected [true] but found [false]
at org.testng.Assert.fail(Assert.java:111)
at org.testng.Assert.failNotEquals(Assert.java:1578)
at org.testng.Assert.assertTrue(Assert.java:57)
at org.testng.Assert.assertTrue(Assert.java:67)
at gorest.test.UserModuleTest.myTestUserModule1(UserModuleTest.java:70)
at java.base/jdk.internal.reflect.DirectMethodHandleAccessor.invoke(DirectMethodHandleAccessor.java:104)
at java.base/java.lang.reflect.Method.invoke(Method.java:578)
at org.testng.internal.invokers.MethodInvocationHelper.invokeMethod(MethodInvocationHelper.java:139)
at org.testng.internal.invokers.TestInvoker.invokeMethod(TestInvoker.java:664)
at org.testng.internal.invokers.TestInvoker.invokeTestMethod(TestInvoker.java:227)
at org.testng.internal.invokers.MethodRunner.runInSequence(MethodRunner.java:50)
at org.testng.internal.invokers.TestInvoker$MethodInvocationAgent.invoke(TestInvoker.java:957)
at org.testng.internal.invokers.TestInvoker.invokeTestMethods(TestInvoker.java:200)
at org.testng.internal.invokers.TestMethodWorker.invokeTestMethods(TestMethodWorker.java:148)
at org.testng.internal.invokers.TestMethodWorker.run(TestMethodWorker.java:128)
at java.base/java.util.ArrayList.forEach(ArrayList.java:1511)
at org.testng.TestRunner.privateRun(TestRunner.java:848)
at org.testng.TestRunner.run(TestRunner.java:621)
at org.testng.SuiteRunner.runTest(SuiteRunner.java:443)
at org.testng.SuiteRunner.runSequentially(SuiteRunner.java:437)
at org.testng.SuiteRunner.privateRun(SuiteRunner.java:397)
at org.testng.SuiteRunner.run(SuiteRunner.java:336)
at org.testng.SuiteRunnerWorker.runSuite(SuiteRunnerWorker.java:52)
at org.testng.SuiteRunnerWorker.run(SuiteRunnerWorker.java:95)
at org.testng.TestNG.runSuitesSequentially(TestNG.java:1280)
at org.testng.TestNG.runSuitesLocally(TestNG.java:1200)
at org.testng.TestNG.runSuites(TestNG.java:1114)
at org.testng.TestNG.run(TestNG.java:1082)
at org.apache.maven.surefire.testng.TestNGExecutor.run(TestNGExecutor.java:283)
at org.apache.maven.surefire.testng.TestNGXmlTestSuite.execute(TestNGXmlTestSuite.java:75)
at org.apache.maven.surefire.testng.TestNGProvider.invoke(TestNGProvider.java:120)
at org.apache.maven.surefire.booter.ForkedBooter.invokeProviderInSameClassLoader(ForkedBooter.java:384)
at org.apache.maven.surefire.booter.ForkedBooter.runSuitesInProcess(ForkedBooter.java:345)
at org.apache.maven.surefire.booter.ForkedBooter.execute(ForkedBooter.java:126)
at org.apache.maven.surefire.booter.ForkedBooter.main(ForkedBooter.java:418)
]]>
            </full-stacktrace>
          </exception> <!-- java.lang.AssertionError -->
          <reporter-output>
          </reporter-output>
        </test-method> <!-- myTestUserModule1 -->
        <test-method is-config="true" signature="afterSuite()[pri:0, instance:gorest.test.UserModuleTest@2cbb3d47]" started-at="2023-05-29T17:52:59 IST" name="afterSuite" finished-at="2023-05-29T17:52:59 IST" duration-ms="211" status="PASS">
          <reporter-output>
          </reporter-output>
        </test-method> <!-- afterSuite -->
      </class> <!-- gorest.test.UserModuleTest -->
    </test> <!-- Pet Store API Suite -->
  </suite> <!-- Pet Store API Suite -->
</testng-results>
