<?xml version="1.0" encoding="UTF-8"?>
<testng-results ignored="9" total="12" passed="2" failed="1" skipped="0">
  <reporter-output>
  </reporter-output>
  <suite started-at="2023-05-29T16:06:09 IST" name="Pet Store API Suite" finished-at="2023-05-29T16:06:09 IST" duration-ms="238">
    <groups>
    </groups>
    <test started-at="2023-05-29T16:06:09 IST" name="Pet Store API Suite" finished-at="2023-05-29T16:06:09 IST" duration-ms="238">
      <class name="gorest.test.DDUserModuleTest">
        <test-method is-config="true" signature="beforeClass()[pri:0, instance:gorest.test.DDUserModuleTest@4313f5bc]" started-at="2023-05-29T16:06:09 IST" name="beforeClass" finished-at="2023-05-29T16:06:09 IST" duration-ms="25" status="PASS">
          <reporter-output>
          </reporter-output>
        </test-method> <!-- beforeClass -->
        <test-method signature="myTestDDUserModule()[pri:0, instance:gorest.test.DDUserModuleTest@4313f5bc]" started-at="2023-05-29T16:06:09 IST" name="myTestDDUserModule" finished-at="2023-05-29T16:06:09 IST" duration-ms="1" status="PASS">
          <reporter-output>
          </reporter-output>
        </test-method> <!-- myTestDDUserModule -->
      </class> <!-- gorest.test.DDUserModuleTest -->
      <class name="gorest.test.UserModuleTest">
        <test-method is-config="true" signature="beforeSuite()[pri:0, instance:gorest.test.UserModuleTest@12e61fe6]" started-at="2023-05-29T16:06:04 IST" name="beforeSuite" finished-at="2023-05-29T16:06:09 IST" duration-ms="5526" status="PASS">
          <reporter-output>
          </reporter-output>
        </test-method> <!-- beforeSuite -->
        <test-method is-config="true" signature="beforeClass()[pri:0, instance:gorest.test.UserModuleTest@12e61fe6]" started-at="2023-05-29T16:06:09 IST" name="beforeClass" finished-at="2023-05-29T16:06:09 IST" duration-ms="178" status="PASS">
          <reporter-output>
          </reporter-output>
        </test-method> <!-- beforeClass -->
        <test-method signature="myTestUserModule()[pri:0, instance:gorest.test.UserModuleTest@12e61fe6]" started-at="2023-05-29T16:06:09 IST" name="myTestUserModule" finished-at="2023-05-29T16:06:09 IST" duration-ms="10" status="PASS">
          <reporter-output>
          </reporter-output>
        </test-method> <!-- myTestUserModule -->
        <test-method signature="myTestUserModule1()[pri:0, instance:gorest.test.UserModuleTest@12e61fe6]" started-at="2023-05-29T16:06:09 IST" name="myTestUserModule1" finished-at="2023-05-29T16:06:09 IST" duration-ms="2" status="FAIL">
          <exception class="java.lang.AssertionError">
            <message>
              <![CDATA[expected [true] but found [false]]]>
            </message>
            <full-stacktrace>
              <![CDATA[java.lang.AssertionError: expected [true] but found [false]
at org.testng.Assert.fail(Assert.java:99)
at org.testng.Assert.failNotEquals(Assert.java:1037)
at org.testng.Assert.assertTrue(Assert.java:45)
at org.testng.Assert.assertTrue(Assert.java:55)
at gorest.test.UserModuleTest.myTestUserModule1(UserModuleTest.java:70)
at java.base/jdk.internal.reflect.DirectMethodHandleAccessor.invoke(DirectMethodHandleAccessor.java:104)
at java.base/java.lang.reflect.Method.invoke(Method.java:578)
at org.testng.internal.MethodInvocationHelper.invokeMethod(MethodInvocationHelper.java:133)
at org.testng.internal.TestInvoker.invokeMethod(TestInvoker.java:598)
at org.testng.internal.TestInvoker.invokeTestMethod(TestInvoker.java:173)
at org.testng.internal.MethodRunner.runInSequence(MethodRunner.java:46)
at org.testng.internal.TestInvoker$MethodInvocationAgent.invoke(TestInvoker.java:824)
at org.testng.internal.TestInvoker.invokeTestMethods(TestInvoker.java:146)
at org.testng.internal.TestMethodWorker.invokeTestMethods(TestMethodWorker.java:146)
at org.testng.internal.TestMethodWorker.run(TestMethodWorker.java:128)
at java.base/java.util.ArrayList.forEach(ArrayList.java:1511)
at org.testng.TestRunner.privateRun(TestRunner.java:794)
at org.testng.TestRunner.run(TestRunner.java:596)
at org.testng.SuiteRunner.runTest(SuiteRunner.java:377)
at org.testng.SuiteRunner.runSequentially(SuiteRunner.java:371)
at org.testng.SuiteRunner.privateRun(SuiteRunner.java:332)
at org.testng.SuiteRunner.run(SuiteRunner.java:276)
at org.testng.SuiteRunnerWorker.runSuite(SuiteRunnerWorker.java:53)
at org.testng.SuiteRunnerWorker.run(SuiteRunnerWorker.java:96)
at org.testng.TestNG.runSuitesSequentially(TestNG.java:1212)
at org.testng.TestNG.runSuitesLocally(TestNG.java:1134)
at org.testng.TestNG.runSuites(TestNG.java:1063)
at org.testng.TestNG.run(TestNG.java:1031)
at org.testng.remote.AbstractRemoteTestNG.run(AbstractRemoteTestNG.java:115)
at org.testng.remote.RemoteTestNG.initAndRun(RemoteTestNG.java:251)
at org.testng.remote.RemoteTestNG.main(RemoteTestNG.java:77)
]]>
            </full-stacktrace>
          </exception> <!-- java.lang.AssertionError -->
          <reporter-output>
          </reporter-output>
        </test-method> <!-- myTestUserModule1 -->
        <test-method is-config="true" signature="afterSuite()[pri:0, instance:gorest.test.UserModuleTest@12e61fe6]" started-at="2023-05-29T16:06:09 IST" name="afterSuite" finished-at="2023-05-29T16:06:10 IST" duration-ms="213" status="PASS">
          <reporter-output>
          </reporter-output>
        </test-method> <!-- afterSuite -->
      </class> <!-- gorest.test.UserModuleTest -->
    </test> <!-- Pet Store API Suite -->
  </suite> <!-- Pet Store API Suite -->
</testng-results>
